
Showing logs for build [32mcb-kubecd-environment-pr-187-89-l6vvw-1[0m stage [32mfrom-build-pack[0m and container [32mstep-credential-initializer-pr5fz[0m
{"level":"warn","ts":1584916170.5181174,"logger":"fallback-logger","caller":"logging/config.go:69","msg":"Fetch GitHub commit ID from kodata failed: \"ref: refs/heads/0.8.0-**-support-backwards-incompats\" is not a valid GitHub commit ID"}
{"level":"info","ts":1584916170.5185525,"logger":"fallback-logger","caller":"creds-init/main.go:40","msg":"Credentials initialized."}

Showing logs for build [32mcb-kubecd-environment-pr-187-89-l6vvw-1[0m stage [32mfrom-build-pack[0m and container [32mstep-working-dir-initializer-gdpz5[0m
{"level":"warn","ts":1584916171.5915995,"logger":"fallback-logger","caller":"logging/config.go:69","msg":"Fetch GitHub commit ID from kodata failed: open /var/run/ko/HEAD: no such file or directory"}
{"level":"info","ts":1584916171.5961862,"logger":"fallback-logger","caller":"bash/main.go:64","msg":"Successfully executed command \"sh -c mkdir -p /workspace/source\"; output "}

Showing logs for build [32mcb-kubecd-environment-pr-187-89-l6vvw-1[0m stage [32mfrom-build-pack[0m and container [32mstep-place-tools[0m

Showing logs for build [32mcb-kubecd-environment-pr-187-89-l6vvw-1[0m stage [32mfrom-build-pack[0m and container [32mstep-git-source-cb-kubecd-environment-pr-187-89-l6vvw-zwc5v[0m
{"level":"warn","ts":1584916175.6559367,"logger":"fallback-logger","caller":"logging/config.go:69","msg":"Fetch GitHub commit ID from kodata failed: \"ref: refs/heads/0.8.0-**-support-backwards-incompats\" is not a valid GitHub commit ID"}
{"level":"info","ts":1584916176.669938,"logger":"fallback-logger","caller":"git/git.go:103","msg":"Successfully cloned https://github.com/cb-kubecd/environment-pr-187-89-boot-gke-staging.git @ master in path /workspace/source"}

Showing logs for build [32mcb-kubecd-environment-pr-187-89-l6vvw-1[0m stage [32mfrom-build-pack[0m and container [32mstep-git-merge[0m
Using SHAs from PULL_REFS=master:16972570c1b44b31640071717b41ed45a8a471bc,1:c4b328150c8256c7e95b8902c079d8003c7bb92c
DEBUG: JX_LOG_LEVEL=error LC_ALL=C git fetch origin --unshallow c4b328150c8256c7e95b8902c079d8003c7bb92c: 16972570c1b44b31640071717b41ed45a8a471bc:
DEBUG: ran git fetch --unshallow origin c4b328150c8256c7e95b8902c079d8003c7bb92c: 16972570c1b44b31640071717b41ed45a8a471bc: in 
DEBUG: LC_ALL=C JX_LOG_LEVEL=error git branch
DEBUG: LC_ALL=C JX_LOG_LEVEL=error git checkout master
DEBUG: ran git checkout master in 
DEBUG: LC_ALL=C JX_LOG_LEVEL=error git reset --hard 16972570c1b44b31640071717b41ed45a8a471bc
DEBUG: ran git reset --hard 16972570c1b44b31640071717b41ed45a8a471bc in 
DEBUG: LC_ALL=C JX_LOG_LEVEL=error git clean -fd .
DEBUG: ran clean --force -d . in 
DEBUG: LC_ALL=C JX_LOG_LEVEL=error git merge c4b328150c8256c7e95b8902c079d8003c7bb92c
DEBUG: ran git merge c4b328150c8256c7e95b8902c079d8003c7bb92c in 
DEBUG: LC_ALL=C JX_LOG_LEVEL=error git log --format=%H%x1f%an%x1f%ae%x1f%cn%x1f%ce%x1f%s%n%b%x1e 16972570c1b44b31640071717b41ed45a8a471bc..HEAD
Merged SHA c4b328150c8256c7e95b8902c079d8003c7bb92c with commit message 'chore: Promote bdd-spring-1584915793 to version 0.0.1' into base branch master

Showing logs for build [32mcb-kubecd-environment-pr-187-89-l6vvw-1[0m stage [32mfrom-build-pack[0m and container [32mstep-build-helm-build[0m
WARNING: No $CHART_REPOSITORY defined so using the default value of: http://jenkins-x-chartmuseum:8080
Adding missing Helm repo: storage.googleapis.com https://storage.googleapis.com/chartmuseum.jenkins-x.io
WARNING: No secrets found on "helm/repos" due: reading the secret "helm/repos" from vault: no secret "helm/repos" not found in vault
Read credentials for https://storage.googleapis.com/chartmuseum.jenkins-x.io from vault helm/repos
Successfully added Helm repository storage.googleapis.com.
Adding missing Helm repo: jenkins-x-chartmuseum http://jenkins-x-chartmuseum:8080
WARNING: No secrets found on "helm/repos" due: reading the secret "helm/repos" from vault: no secret "helm/repos" not found in vault
Read credentials for http://jenkins-x-chartmuseum:8080 from vault helm/repos
Successfully added Helm repository jenkins-x-chartmuseum.
WARNING: No $CHART_REPOSITORY defined so using the default value of: http://jenkins-x-chartmuseum:8080
Adding missing Helm repo: chartmuseum.jenkins-x.io http://chartmuseum.jenkins-x.io
WARNING: No secrets found on "helm/repos" due: reading the secret "helm/repos" from vault: no secret "helm/repos" not found in vault
Read credentials for http://chartmuseum.jenkins-x.io from vault helm/repos
Successfully added Helm repository chartmuseum.jenkins-x.io.
