
Showing logs for build [32mcb-kubecd-environment-pr-187-89-ts6vv-1[0m stage [32mfrom-build-pack[0m and container [32mstep-credential-initializer-6k5cv[0m
{"level":"warn","ts":1584918573.6127532,"logger":"fallback-logger","caller":"logging/config.go:69","msg":"Fetch GitHub commit ID from kodata failed: \"ref: refs/heads/0.8.0-**-support-backwards-incompats\" is not a valid GitHub commit ID"}
{"level":"info","ts":1584918573.6164634,"logger":"fallback-logger","caller":"creds-init/main.go:40","msg":"Credentials initialized."}

Showing logs for build [32mcb-kubecd-environment-pr-187-89-ts6vv-1[0m stage [32mfrom-build-pack[0m and container [32mstep-working-dir-initializer-9prcm[0m
{"level":"warn","ts":1584918574.755623,"logger":"fallback-logger","caller":"logging/config.go:69","msg":"Fetch GitHub commit ID from kodata failed: open /var/run/ko/HEAD: no such file or directory"}
{"level":"info","ts":1584918574.7796037,"logger":"fallback-logger","caller":"bash/main.go:64","msg":"Successfully executed command \"sh -c mkdir -p /workspace/source\"; output "}

Showing logs for build [32mcb-kubecd-environment-pr-187-89-ts6vv-1[0m stage [32mfrom-build-pack[0m and container [32mstep-place-tools[0m

Showing logs for build [32mcb-kubecd-environment-pr-187-89-ts6vv-1[0m stage [32mfrom-build-pack[0m and container [32mstep-git-source-cb-kubecd-environment-pr-187-89-ts6vv-gzt8z[0m
{"level":"warn","ts":1584918577.2386603,"logger":"fallback-logger","caller":"logging/config.go:69","msg":"Fetch GitHub commit ID from kodata failed: \"ref: refs/heads/0.8.0-**-support-backwards-incompats\" is not a valid GitHub commit ID"}
{"level":"info","ts":1584918578.2892592,"logger":"fallback-logger","caller":"git/git.go:103","msg":"Successfully cloned https://github.com/cb-kubecd/environment-pr-187-89-boot-gke-staging.git @ master in path /workspace/source"}

Showing logs for build [32mcb-kubecd-environment-pr-187-89-ts6vv-1[0m stage [32mfrom-build-pack[0m and container [32mstep-git-merge[0m
Using SHAs from PULL_REFS=master:70e1abf9ec9990d3d1e123f78500fe27d6adfbe7,4:21c438148c62e1720e29c2487f1df8f205488f1e
DEBUG: JX_LOG_LEVEL=error LC_ALL=C git fetch origin --unshallow 21c438148c62e1720e29c2487f1df8f205488f1e: 70e1abf9ec9990d3d1e123f78500fe27d6adfbe7:
DEBUG: ran git fetch --unshallow origin 21c438148c62e1720e29c2487f1df8f205488f1e: 70e1abf9ec9990d3d1e123f78500fe27d6adfbe7: in 
DEBUG: LC_ALL=C JX_LOG_LEVEL=error git branch
DEBUG: JX_LOG_LEVEL=error LC_ALL=C git checkout master
DEBUG: ran git checkout master in 
DEBUG: LC_ALL=C JX_LOG_LEVEL=error git reset --hard 70e1abf9ec9990d3d1e123f78500fe27d6adfbe7
DEBUG: ran git reset --hard 70e1abf9ec9990d3d1e123f78500fe27d6adfbe7 in 
DEBUG: LC_ALL=C JX_LOG_LEVEL=error git clean -fd .
DEBUG: ran clean --force -d . in 
DEBUG: LC_ALL=C JX_LOG_LEVEL=error git merge 21c438148c62e1720e29c2487f1df8f205488f1e
DEBUG: ran git merge 21c438148c62e1720e29c2487f1df8f205488f1e in 
DEBUG: LC_ALL=C JX_LOG_LEVEL=error git log --format=%H%x1f%an%x1f%ae%x1f%cn%x1f%ce%x1f%s%n%b%x1e 70e1abf9ec9990d3d1e123f78500fe27d6adfbe7..HEAD
Merged SHA 21c438148c62e1720e29c2487f1df8f205488f1e with commit message 'chore: Promote bdd-nh-1584916883 to version 0.0.1' into base branch master

Showing logs for build [32mcb-kubecd-environment-pr-187-89-ts6vv-1[0m stage [32mfrom-build-pack[0m and container [32mstep-build-helm-build[0m
WARNING: No $CHART_REPOSITORY defined so using the default value of: http://jenkins-x-chartmuseum:8080
Adding missing Helm repo: storage.googleapis.com https://storage.googleapis.com/chartmuseum.jenkins-x.io
WARNING: No secrets found on "helm/repos" due: reading the secret "helm/repos" from vault: no secret "helm/repos" not found in vault
Read credentials for https://storage.googleapis.com/chartmuseum.jenkins-x.io from vault helm/repos
Successfully added Helm repository storage.googleapis.com.
Adding missing Helm repo: jenkins-x-chartmuseum http://jenkins-x-chartmuseum:8080
WARNING: No secrets found on "helm/repos" due: reading the secret "helm/repos" from vault: no secret "helm/repos" not found in vault
Read credentials for http://jenkins-x-chartmuseum:8080 from vault helm/repos
Successfully added Helm repository jenkins-x-chartmuseum.
WARNING: No $CHART_REPOSITORY defined so using the default value of: http://jenkins-x-chartmuseum:8080
Adding missing Helm repo: chartmuseum.jenkins-x.io http://chartmuseum.jenkins-x.io
WARNING: No secrets found on "helm/repos" due: reading the secret "helm/repos" from vault: no secret "helm/repos" not found in vault
Read credentials for http://chartmuseum.jenkins-x.io from vault helm/repos
Successfully added Helm repository chartmuseum.jenkins-x.io.
